<?xml version="1.0" encoding="UTF-8" ?>
<testsuite tests="28" failures="2" name="TestRunner.TestRunner" time="0.117" errors="2" skipped="8">
  <properties>
[...]
</properties>
  <testcase classname="Scenario: Sucessful Login" name="Given User is on the &quot;Home&quot; page on URL &quot;http://automationpractice.com/index.php&quot;" time="0.002"/>
  <testcase classname="Scenario: Sucessful Login" name="When User click on &quot;Sign In&quot; link" time="0"/>
  <testcase classname="Scenario: Sucessful Login" name="When User fill in &quot;Email&quot; with &quot;testbdd@gmail.com&quot;" time="0"/>
  <testcase classname="Scenario: Sucessful Login" name="And User fill in &quot;Password&quot; with &quot;test@123&quot;" time="0"/>
  <testcase classname="Scenario: Sucessful Login" name="And User click on the &quot;Sign In&quot; button" time="0"/>
  <testcase classname="Scenario: Sucessful Login" name="Then User should be on the &quot;My Account&quot; page on URL &quot;http://automationpractice.com/index.php?controller=my-account&quot;" time="0"/>
  <testcase classname="Scenario: Sucessful Login" name="And User should see &quot;Welcome to your account&quot; message" time="0"/>
  <testcase classname="Scenario: Sucessful Login" name="And User should see the &quot;Sign out&quot; button" time="0"/>
  <testcase classname="Scenario: Sucessful Login" name="And User close the browser" time="0"/>
  <testcase classname="Scenario: Sucessful Login" name="Scenario: Sucessful Login" time="0"/>
  <testcase classname="| testbdd@gmail.com | test@123 |" name="Given User is on the &quot;Home&quot; page on URL &quot;http://automationpractice.com/index.php&quot;" time="0"/>
  <testcase classname="| testbdd@gmail.com | test@123 |" name="When User click on &quot;Sign In&quot; link" time="0"/>
  <testcase classname="| testbdd@gmail.com | test@123 |" name="When User fill in login credentials with &quot;testbdd@gmail.com&quot; and &quot;test@123&quot;" time="0.007">
    <error type="java.lang.NullPointerException">java.lang.NullPointerException
	at stepDefinition.Login.user_fill_in_login_credentials_with_and(Login.java:79)
	at ✽.When User fill in login credentials with &quot;testbdd@gmail.com&quot; and &quot;test@123&quot;(F:/Projects/BDD/src/test/resources/features/LoginProfile.feature:17)
</error>
  </testcase>
  <testcase classname="| testbdd@gmail.com | test@123 |" name="| testbdd@gmail.com | test@123 |" time="0.008">
    <error type="java.lang.NullPointerException">java.lang.NullPointerException
	at stepDefinition.Login.user_fill_in_login_credentials_with_and(Login.java:79)
	at ✽.When User fill in login credentials with &quot;testbdd@gmail.com&quot; and &quot;test@123&quot;(F:/Projects/BDD/src/test/resources/features/LoginProfile.feature:17)
</error>
  </testcase>
  <testcase classname="| testbdd@gmail.com | test@123 |" name="And User click on the &quot;Sign In&quot; button" time="0.013">
    <skipped/>
  </testcase>
  <testcase classname="| testbdd@gmail.com | test@123 |" name="Then User should be on the &quot;My Account&quot; page on URL &quot;http://automationpractice.com/index.php?controller=my-account&quot;" time="0.013">
    <skipped/>
  </testcase>
  <testcase classname="| testbdd@gmail.com | test@123 |" name="And User should see &quot;Welcome to your account&quot; message" time="0.016">
    <skipped/>
  </testcase>
  <testcase classname="| testbdd@gmail.com | test@123 |" name="And User should see the &quot;Sign out&quot; button" time="0.026">
    <skipped/>
  </testcase>
  <testcase classname="| testbdd@gmail.com | test@123 |" name="And User close the browser" time="0.026">
    <skipped/>
  </testcase>
  <testcase classname="| testbdd@gmail.com | test@1234 |" name="Given User is on the &quot;Home&quot; page on URL &quot;http://automationpractice.com/index.php&quot;" time="0"/>
  <testcase classname="| testbdd@gmail.com | test@1234 |" name="When User click on &quot;Sign In&quot; link" time="0"/>
  <testcase classname="| testbdd@gmail.com | test@1234 |" name="When User fill in login credentials with &quot;testbdd@gmail.com&quot; and &quot;test@1234&quot;" time="0"/>
  <testcase classname="| testbdd@gmail.com | test@1234 |" name="And User click on the &quot;Sign In&quot; button" time="0"/>
  <testcase classname="| testbdd@gmail.com | test@1234 |" name="Then User should be on the &quot;My Account&quot; page on URL &quot;http://automationpractice.com/index.php?controller=my-account&quot;" time="0">
    <failure message="expected:&lt;...ndex.php?controller=[my-account]&gt; but was:&lt;...ndex.php?controller=[authentication]&gt;" type="org.junit.ComparisonFailure">org.junit.ComparisonFailure: expected:&lt;...ndex.php?controller=[my-account]&gt; but was:&lt;...ndex.php?controller=[authentication]&gt;
	at org.junit.Assert.assertEquals(Assert.java:115)
	at org.junit.Assert.assertEquals(Assert.java:144)
	at stepDefinition.Login.user_should_be_on_the_page_on_URL(Login.java:50)
	at ✽.Then User should be on the &quot;My Account&quot; page on URL &quot;http://automationpractice.com/index.php?controller=my-account&quot;(F:/Projects/BDD/src/test/resources/features/LoginProfile.feature:19)
</failure>
  </testcase>
  <testcase classname="| testbdd@gmail.com | test@1234 |" name="| testbdd@gmail.com | test@1234 |" time="0">
    <failure message="expected:&lt;...ndex.php?controller=[my-account]&gt; but was:&lt;...ndex.php?controller=[authentication]&gt;" type="org.junit.ComparisonFailure">org.junit.ComparisonFailure: expected:&lt;...ndex.php?controller=[my-account]&gt; but was:&lt;...ndex.php?controller=[authentication]&gt;
	at org.junit.Assert.assertEquals(Assert.java:115)
	at org.junit.Assert.assertEquals(Assert.java:144)
	at stepDefinition.Login.user_should_be_on_the_page_on_URL(Login.java:50)
	at ✽.Then User should be on the &quot;My Account&quot; page on URL &quot;http://automationpractice.com/index.php?controller=my-account&quot;(F:/Projects/BDD/src/test/resources/features/LoginProfile.feature:19)
</failure>
  </testcase>
  <testcase classname="| testbdd@gmail.com | test@1234 |" name="And User should see &quot;Welcome to your account&quot; message" time="0.001">
    <skipped/>
  </testcase>
  <testcase classname="| testbdd@gmail.com | test@1234 |" name="And User should see the &quot;Sign out&quot; button" time="0.002">
    <skipped/>
  </testcase>
  <testcase classname="| testbdd@gmail.com | test@1234 |" name="And User close the browser" time="0.003">
    <skipped/>
  </testcase>
</testsuite>