<?xml version="1.0" encoding="UTF-8" ?>
<testsuite tests="28" failures="2" name="TestRunner.TestRunner" time="0.117" errors="2" skipped="8">
  <properties>
    <property name="JOB_NAME" value="Test1"/>
    <property name="java.vendor" value="Oracle Corporation"/>
    <property name="ANDROID_SDK_HOME" value="C:\Android"/>
    <property name="sun.java.launcher" value="SUN_STANDARD"/>
    <property name="RUN_TESTS_DISPLAY_URL" value="http://localhost:8080/job/Test1/1/display/redirect?page=tests"/>
    <property name="NUMBER_OF_PROCESSORS" value="8"/>
    <property name="sun.management.compiler" value="HotSpot 64-Bit Tiered Compilers"/>
    <property name="JENKINS_HOME" value="C:\Users\Chathuranga\.jenkins"/>
    <property name="HUDSON_SERVER_COOKIE" value="8ec94abb1faf1c81"/>
    <property name="os.name" value="Windows 10"/>
    <property name="EXECUTOR_NUMBER" value="0"/>
    <property name="sun.desktop" value="windows"/>
    <property name="PATHEXT" value=".COM;.EXE;.BAT;.CMD;.VBS;.VBE;.JS;.JSE;.WSF;.WSH;.MSC;.CPL"/>
    <property name="java.vm.specification.vendor" value="Oracle Corporation"/>
    <property name="TEMP" value="C:\Users\CHATHU~1\AppData\Local\Temp"/>
    <property name="NODE_LABELS" value="master"/>
    <property name="java.runtime.version" value="11.0.11+9-LTS-194"/>
    <property name="user.name" value="Chathuranga"/>
    <property name="guice.disable.misplaced.annotation.check" value="true"/>
    <property name="CommonProgramW6432" value="C:\Program Files\Common Files"/>
    <property name="ProgramFiles" value="C:\Program Files"/>
    <property name="user.language" value="en"/>
    <property name="JOB_BASE_NAME" value="Test1"/>
    <property name="RUN_CHANGES_DISPLAY_URL" value="http://localhost:8080/job/Test1/1/display/redirect?page=changes"/>
    <property name="BUILD_DISPLAY_NAME" value="#1"/>
    <property name="OneDrive" value="C:\Users\Chathuranga\OneDrive"/>
    <property name="sun.boot.library.path" value="C:\Program Files\Java\jdk-11.0.11\bin"/>
    <property name="java.vm.compressedOopsMode" value="Zero based"/>
    <property name="LOCALAPPDATA" value="C:\Users\Chathuranga\AppData\Local"/>
    <property name="java.version" value="11.0.11"/>
    <property name="user.timezone" value="Asia/Colombo"/>
    <property name="PROCESSOR_LEVEL" value="6"/>
    <property name="USERNAME" value="Chathuranga"/>
    <property name="sun.arch.data.model" value="64"/>
    <property name="NODE_NAME" value="master"/>
    <property name="BUILD_ID" value="1"/>
    <property name="sun.cpu.isalist" value="amd64"/>
    <property name="sun.jnu.encoding" value="Cp1252"/>
    <property name="maven.conf" value="C:\Users\Chathuranga\.jenkins\tools\hudson.tasks.Maven_MavenInstallation\Maven3\conf"/>
    <property name="file.separator" value="\"/>
    <property name="java.specification.name" value="Java Platform API Specification"/>
    <property name="HOMEDRIVE" value="C:"/>
    <property name="java.class.version" value="55.0"/>
    <property name="=::" value="::\"/>
    <property name="org.slf4j.simpleLogger.defaultLogLevel" value="info"/>
    <property name="user.country" value="US"/>
    <property name="ALLUSERSPROFILE" value="C:\ProgramData"/>
    <property name="java.home" value="C:\Program Files\Java\jdk-11.0.11"/>
    <property name="java.vm.info" value="mixed mode"/>
    <property name="os.version" value="10.0"/>
    <property name="RUN_DISPLAY_URL" value="http://localhost:8080/job/Test1/1/display/redirect"/>
    <property name="TMP" value="C:\Users\CHATHU~1\AppData\Local\Temp"/>
    <property name="path.separator" value=";"/>
    <property name="RUN_ARTIFACTS_DISPLAY_URL" value="http://localhost:8080/job/Test1/1/display/redirect?page=artifacts"/>
    <property name="java.vm.version" value="11.0.11+9-LTS-194"/>
    <property name="user.variant" value=""/>
    <property name="CommonProgramFiles(x86)" value="C:\Program Files (x86)\Common Files"/>
    <property name="JOB_DISPLAY_URL" value="http://localhost:8080/job/Test1/display/redirect"/>
    <property name="USERDOMAIN_ROAMINGPROFILE" value="DESKTOP-ADH7E4N"/>
    <property name="java.awt.printerjob" value="sun.awt.windows.WPrinterJob"/>
    <property name="CommonProgramFiles" value="C:\Program Files\Common Files"/>
    <property name="sun.io.unicode.encoding" value="UnicodeLittle"/>
    <property name="ComSpec" value="C:\Windows\system32\cmd.exe"/>
    <property name="HOMEPATH" value="\Users\Chathuranga"/>
    <property name="awt.toolkit" value="sun.awt.windows.WToolkit"/>
    <property name="COMPUTERNAME" value="DESKTOP-ADH7E4N"/>
    <property name="user.script" value=""/>
    <property name="asl.log" value="Destination=file"/>
    <property name="user.home" value="C:\Users\Chathuranga"/>
    <property name="PUBLIC" value="C:\Users\Public"/>
    <property name="BUILD_TAG" value="jenkins-Test1-1"/>
    <property name="JENKINS_SERVER_COOKIE" value="8ec94abb1faf1c81"/>
    <property name="HUDSON_URL" value="http://localhost:8080/"/>
    <property name="ProgramData" value="C:\ProgramData"/>
    <property name="java.version.date" value="2021-04-20"/>
    <property name="java.specification.vendor" value="Oracle Corporation"/>
    <property name="USERPROFILE" value="C:\Users\Chathuranga"/>
    <property name="CLASSPATH" value=""/>
    <property name="java.library.path" value="C:\Program Files\Java\jdk-11.0.11\bin;C:\Windows\Sun\Java\bin;C:\Windows\system32;C:\Windows;C:\Users\Chathuranga\.jenkins\tools\hudson.tasks.Maven_MavenInstallation\Maven3/bin;C:\Program Files\Common Files\Oracle\Java\javapath;C:\Program Files (x86)\Common Files\Oracle\Java\javapath;C:\Program Files (x86)\Intel\iCLS Client\;C:\Program Files\Intel\iCLS Client\;C:\Windows\system32;C:\Windows;C:\Windows\System32\Wbem;C:\Windows\System32\WindowsPowerShell\v1.0\;C:\Program Files (x86)\Intel\Intel(R) Management Engine Components\DAL;C:\Program Files\Intel\Intel(R) Management Engine Components\DAL;C:\Program Files (x86)\Intel\Intel(R) Management Engine Components\IPT;C:\Program Files\Intel\Intel(R) Management Engine Components\IPT;C:\Windows\System32\OpenSSH\;C:\Program Files\Java\jdk-9\bin;C:\Android;C:\Windows\System32;C:\apache-maven-3.6.3-bin\bin;c:\WINDOWS\System32\WBem;C:\Program Files\Git\cmd;C:\Users\Chathuranga\AppData\Local\Microsoft\WindowsApps;C:\Users\Chathuranga\AppData\Local\GitHubDesktop\bin;C:\Users\Chathuranga\AppData\Local\Microsoft\WindowsApps;."/>
    <property name="java.vendor.url" value="https://openjdk.java.net/"/>
    <property name="java.vm.vendor" value="Oracle Corporation"/>
    <property name="APPDATA" value="C:\Users\Chathuranga\AppData\Roaming"/>
    <property name="java.runtime.name" value="Java(TM) SE Runtime Environment"/>
    <property name="maven.home" value="C:\Users\Chathuranga\.jenkins\tools\hudson.tasks.Maven_MavenInstallation\Maven3"/>
    <property name="java.class.path" value="C:\Users\Chathuranga\.jenkins\plugins\maven-plugin\WEB-INF\lib\maven35-agent-1.13.jar;C:\Users\Chathuranga\.jenkins\tools\hudson.tasks.Maven_MavenInstallation\Maven3\boot\plexus-classworlds-2.6.0.jar;C:\Users\Chathuranga\.jenkins\tools\hudson.tasks.Maven_MavenInstallation\Maven3/conf/logging"/>
    <property name="sun.java.command" value="jenkins.maven3.agent.Maven35Main C:\Users\Chathuranga\.jenkins\tools\hudson.tasks.Maven_MavenInstallation\Maven3 C:\Users\Chathuranga\.jenkins\war\WEB-INF\lib\remoting-4.7.jar C:\Users\Chathuranga\.jenkins\plugins\maven-plugin\WEB-INF\lib\maven35-interceptor-1.13.jar C:\Users\Chathuranga\.jenkins\plugins\maven-plugin\WEB-INF\lib\maven3-interceptor-commons-1.13.jar 59562"/>
    <property name="Path" value="C:\Program Files\Common Files\Oracle\Java\javapath;C:\Program Files (x86)\Common Files\Oracle\Java\javapath;C:\Program Files (x86)\Intel\iCLS Client\;C:\Program Files\Intel\iCLS Client\;C:\Windows\system32;C:\Windows;C:\Windows\System32\Wbem;C:\Windows\System32\WindowsPowerShell\v1.0\;C:\Program Files (x86)\Intel\Intel(R) Management Engine Components\DAL;C:\Program Files\Intel\Intel(R) Management Engine Components\DAL;C:\Program Files (x86)\Intel\Intel(R) Management Engine Components\IPT;C:\Program Files\Intel\Intel(R) Management Engine Components\IPT;C:\Windows\System32\OpenSSH\;C:\Program Files\Java\jdk-9\bin;C:\Android;C:\Windows\System32;C:\apache-maven-3.6.3-bin\bin;c:\WINDOWS\System32\WBem;C:\Program Files\Git\cmd;C:\Users\Chathuranga\AppData\Local\Microsoft\WindowsApps;C:\Users\Chathuranga\AppData\Local\GitHubDesktop\bin;C:\Users\Chathuranga\AppData\Local\Microsoft\WindowsApps"/>
    <property name="jdk.debug" value="release"/>
    <property name="PROCESSOR_ARCHITECTURE" value="AMD64"/>
    <property name="java.vm.specification.name" value="Java Virtual Machine Specification"/>
    <property name="jansi.mode" value="strip"/>
    <property name="PROCESSOR_IDENTIFIER" value="Intel64 Family 6 Model 158 Stepping 9, GenuineIntel"/>
    <property name="java.vm.specification.version" value="11"/>
    <property name="M2_HOME" value="C:\Users\Chathuranga\.jenkins\tools\hudson.tasks.Maven_MavenInstallation\Maven3"/>
    <property name="sun.cpu.endian" value="little"/>
    <property name="sun.os.patch.level" value=""/>
    <property name="OS" value="Windows_NT"/>
    <property name="CI" value="true"/>
    <property name="java.io.tmpdir" value="C:\Users\CHATHU~1\AppData\Local\Temp\"/>
    <property name="HUDSON_HOME" value="C:\Users\Chathuranga\.jenkins"/>
    <property name="PATH+MAVEN" value="C:\Users\Chathuranga\.jenkins\tools\hudson.tasks.Maven_MavenInstallation\Maven3/bin"/>
    <property name="ProgramFiles(x86)" value="C:\Program Files (x86)"/>
    <property name="java.vendor.url.bug" value="https://bugreport.java.com/bugreport/"/>
    <property name="BUILD_URL" value="http://localhost:8080/job/Test1/1/"/>
    <property name="SystemRoot" value="C:\Windows"/>
    <property name="os.arch" value="amd64"/>
    <property name="java.awt.graphicsenv" value="sun.awt.Win32GraphicsEnvironment"/>
    <property name="user.dir" value="F:\Projects\BDD"/>
    <property name="JOB_URL" value="http://localhost:8080/job/Test1/"/>
    <property name="LOGONSERVER" value="\\DESKTOP-ADH7E4N"/>
    <property name="USERDOMAIN" value="DESKTOP-ADH7E4N"/>
    <property name="MAVEN_HOME" value="C:\Users\Chathuranga\.jenkins\tools\hudson.tasks.Maven_MavenInstallation\Maven3"/>
    <property name="line.separator" value="
"/>
    <property name="java.vm.name" value="Java HotSpot(TM) 64-Bit Server VM"/>
    <property name="BUILD_NUMBER" value="1"/>
    <property name="PROCESSOR_REVISION" value="9e09"/>
    <property name="JENKINS_URL" value="http://localhost:8080/"/>
    <property name="ProgramW6432" value="C:\Program Files"/>
    <property name="windir" value="C:\Windows"/>
    <property name="file.encoding" value="Cp1252"/>
    <property name="SystemDrive" value="C:"/>
    <property name="maven3.interceptor" value="C:\Users\Chathuranga\.jenkins\plugins\maven-plugin\WEB-INF\lib\maven35-interceptor-1.13.jar"/>
    <property name="WORKSPACE_TMP" value="C:\Users\Chathuranga\.jenkins\workspace\Test1@tmp"/>
    <property name="WORKSPACE" value="C:\Users\Chathuranga\.jenkins\workspace\Test1"/>
    <property name="maven3.interceptor.common" value="C:\Users\Chathuranga\.jenkins\plugins\maven-plugin\WEB-INF\lib\maven3-interceptor-commons-1.13.jar"/>
    <property name="PSModulePath" value="C:\Users\Chathuranga\Documents\WindowsPowerShell\Modules;C:\Program Files\WindowsPowerShell\Modules;C:\Windows\system32\WindowsPowerShell\v1.0\Modules;C:\Program Files\Intel\"/>
    <property name="java.specification.version" value="11"/>
    <property name="DriverData" value="C:\Windows\System32\Drivers\DriverData"/>
    <property name="java.vendor.version" value="18.9"/>
  </properties>
  <testcase classname="Scenario: Sucessful Login" name="Given User is on the &quot;Home&quot; page on URL &quot;http://automationpractice.com/index.php&quot;" time="0.002"/>
  <testcase classname="Scenario: Sucessful Login" name="When User click on &quot;Sign In&quot; link" time="0"/>
  <testcase classname="Scenario: Sucessful Login" name="When User fill in &quot;Email&quot; with &quot;testbdd@gmail.com&quot;" time="0"/>
  <testcase classname="Scenario: Sucessful Login" name="And User fill in &quot;Password&quot; with &quot;test@123&quot;" time="0"/>
  <testcase classname="Scenario: Sucessful Login" name="And User click on the &quot;Sign In&quot; button" time="0"/>
  <testcase classname="Scenario: Sucessful Login" name="Then User should be on the &quot;My Account&quot; page on URL &quot;http://automationpractice.com/index.php?controller=my-account&quot;" time="0"/>
  <testcase classname="Scenario: Sucessful Login" name="And User should see &quot;Welcome to your account&quot; message" time="0"/>
  <testcase classname="Scenario: Sucessful Login" name="And User should see the &quot;Sign out&quot; button" time="0"/>
  <testcase classname="Scenario: Sucessful Login" name="And User close the browser" time="0"/>
  <testcase classname="Scenario: Sucessful Login" name="Scenario: Sucessful Login" time="0"/>
  <testcase classname="| testbdd@gmail.com | test@123 |" name="Given User is on the &quot;Home&quot; page on URL &quot;http://automationpractice.com/index.php&quot;" time="0"/>
  <testcase classname="| testbdd@gmail.com | test@123 |" name="When User click on &quot;Sign In&quot; link" time="0"/>
  <testcase classname="| testbdd@gmail.com | test@123 |" name="When User fill in login credentials with &quot;testbdd@gmail.com&quot; and &quot;test@123&quot;" time="0.007">
    <error type="java.lang.NullPointerException">java.lang.NullPointerException
	at stepDefinition.Login.user_fill_in_login_credentials_with_and(Login.java:79)
	at ✽.When User fill in login credentials with &quot;testbdd@gmail.com&quot; and &quot;test@123&quot;(F:/Projects/BDD/src/test/resources/features/LoginProfile.feature:17)
</error>
  </testcase>
  <testcase classname="| testbdd@gmail.com | test@123 |" name="| testbdd@gmail.com | test@123 |" time="0.008">
    <error type="java.lang.NullPointerException">java.lang.NullPointerException
	at stepDefinition.Login.user_fill_in_login_credentials_with_and(Login.java:79)
	at ✽.When User fill in login credentials with &quot;testbdd@gmail.com&quot; and &quot;test@123&quot;(F:/Projects/BDD/src/test/resources/features/LoginProfile.feature:17)
</error>
  </testcase>
  <testcase classname="| testbdd@gmail.com | test@123 |" name="And User click on the &quot;Sign In&quot; button" time="0.013">
    <skipped/>
  </testcase>
  <testcase classname="| testbdd@gmail.com | test@123 |" name="Then User should be on the &quot;My Account&quot; page on URL &quot;http://automationpractice.com/index.php?controller=my-account&quot;" time="0.013">
    <skipped/>
  </testcase>
  <testcase classname="| testbdd@gmail.com | test@123 |" name="And User should see &quot;Welcome to your account&quot; message" time="0.016">
    <skipped/>
  </testcase>
  <testcase classname="| testbdd@gmail.com | test@123 |" name="And User should see the &quot;Sign out&quot; button" time="0.026">
    <skipped/>
  </testcase>
  <testcase classname="| testbdd@gmail.com | test@123 |" name="And User close the browser" time="0.026">
    <skipped/>
  </testcase>
  <testcase classname="| testbdd@gmail.com | test@1234 |" name="Given User is on the &quot;Home&quot; page on URL &quot;http://automationpractice.com/index.php&quot;" time="0"/>
  <testcase classname="| testbdd@gmail.com | test@1234 |" name="When User click on &quot;Sign In&quot; link" time="0"/>
  <testcase classname="| testbdd@gmail.com | test@1234 |" name="When User fill in login credentials with &quot;testbdd@gmail.com&quot; and &quot;test@1234&quot;" time="0"/>
  <testcase classname="| testbdd@gmail.com | test@1234 |" name="And User click on the &quot;Sign In&quot; button" time="0"/>
  <testcase classname="| testbdd@gmail.com | test@1234 |" name="Then User should be on the &quot;My Account&quot; page on URL &quot;http://automationpractice.com/index.php?controller=my-account&quot;" time="0">
    <failure message="expected:&lt;...ndex.php?controller=[my-account]&gt; but was:&lt;...ndex.php?controller=[authentication]&gt;" type="org.junit.ComparisonFailure">org.junit.ComparisonFailure: expected:&lt;...ndex.php?controller=[my-account]&gt; but was:&lt;...ndex.php?controller=[authentication]&gt;
	at org.junit.Assert.assertEquals(Assert.java:115)
	at org.junit.Assert.assertEquals(Assert.java:144)
	at stepDefinition.Login.user_should_be_on_the_page_on_URL(Login.java:50)
	at ✽.Then User should be on the &quot;My Account&quot; page on URL &quot;http://automationpractice.com/index.php?controller=my-account&quot;(F:/Projects/BDD/src/test/resources/features/LoginProfile.feature:19)
</failure>
  </testcase>
  <testcase classname="| testbdd@gmail.com | test@1234 |" name="| testbdd@gmail.com | test@1234 |" time="0">
    <failure message="expected:&lt;...ndex.php?controller=[my-account]&gt; but was:&lt;...ndex.php?controller=[authentication]&gt;" type="org.junit.ComparisonFailure">org.junit.ComparisonFailure: expected:&lt;...ndex.php?controller=[my-account]&gt; but was:&lt;...ndex.php?controller=[authentication]&gt;
	at org.junit.Assert.assertEquals(Assert.java:115)
	at org.junit.Assert.assertEquals(Assert.java:144)
	at stepDefinition.Login.user_should_be_on_the_page_on_URL(Login.java:50)
	at ✽.Then User should be on the &quot;My Account&quot; page on URL &quot;http://automationpractice.com/index.php?controller=my-account&quot;(F:/Projects/BDD/src/test/resources/features/LoginProfile.feature:19)
</failure>
  </testcase>
  <testcase classname="| testbdd@gmail.com | test@1234 |" name="And User should see &quot;Welcome to your account&quot; message" time="0.001">
    <skipped/>
  </testcase>
  <testcase classname="| testbdd@gmail.com | test@1234 |" name="And User should see the &quot;Sign out&quot; button" time="0.002">
    <skipped/>
  </testcase>
  <testcase classname="| testbdd@gmail.com | test@1234 |" name="And User close the browser" time="0.003">
    <skipped/>
  </testcase>
</testsuite>